# JRE version: Java(TM) SE Runtime Environment (22.0.1+8) (build 22.0.1+8-16)
# Java VM: Java HotSpot(TM) 64-Bit Server VM (22.0.1+8-16, mixed mode, emulated-client, sharing, tiered, compressed oops, compressed class ptrs, g1 gc, windows-amd64)
GC Precious Log:
 CardTable entry size: 512
 Card Set container configuration: InlinePtr #cards 4 size 8 Array Of Cards #cards 16 size 48 Howl #buckets 8 coarsen threshold 3686 Howl Bitmap #cards 512 size 80 coarsen threshold 460 Card regions per heap region 1 cards per card region 4096
 CPUs: 12 total, 12 available
 Memory: 15754M
 Large Page Support: Disabled
 NUMA Support: Disabled
 Compressed Oops: Enabled (Zero based)
 Heap Region Size: 2M
 Heap Min Capacity: 8M
 Heap Initial Capacity: 248M
 Heap Max Capacity: 3940M
 Pre-touch: Disabled
 Parallel Workers: 10
 Concurrent Workers: 3
 Concurrent Refinement Workers: 10
 Periodic GC: Disabled
Heap:
 garbage-first heap   total reserved 4034560K, committed 159744K, used 81081K [0x0000000709c00000, 0x0000000800000000)
  region size 2048K, 14 young (28672K), 3 survivors (6144K)
 Metaspace       used 90326K, committed 91200K, reserved 1179648K
  class space    used 13239K, committed 13632K, reserved 1048576K
GC Heap History (20 events):
Event: 5.880 GC heap before
{Heap before GC invocations=20 (full 0):
 garbage-first heap   total reserved 4034560K, committed 110592K, used 88879K [0x0000000709c00000, 0x0000000800000000)
  region size 2048K, 27 young (55296K), 3 survivors (6144K)
 Metaspace       used 74563K, committed 75328K, reserved 1114112K
  class space    used 10968K, committed 11328K, reserved 1048576K
}
Event: 5.883 GC heap after
{Heap after GC invocations=21 (full 0):
 garbage-first heap   total reserved 4034560K, committed 133120K, used 43418K [0x0000000709c00000, 0x0000000800000000)
  region size 2048K, 2 young (4096K), 2 survivors (4096K)
 Metaspace       used 74563K, committed 75328K, reserved 1114112K
  class space    used 10968K, committed 11328K, reserved 1048576K
}
Event: 6.175 GC heap before
{Heap before GC invocations=22 (full 0):
 garbage-first heap   total reserved 4034560K, committed 133120K, used 117146K [0x0000000709c00000, 0x0000000800000000)
  region size 2048K, 38 young (77824K), 2 survivors (4096K)
 Metaspace       used 76935K, committed 77696K, reserved 1179648K
  class space    used 11345K, committed 11648K, reserved 1048576K
}
Event: 6.177 GC heap after
{Heap after GC invocations=23 (full 0):
 garbage-first heap   total reserved 4034560K, committed 133120K, used 46345K [0x0000000709c00000, 0x0000000800000000)
  region size 2048K, 4 young (8192K), 4 survivors (8192K)
 Metaspace       used 76935K, committed 77696K, reserved 1179648K
  class space    used 11345K, committed 11648K, reserved 1048576K
}
Event: 6.335 GC heap before
{Heap before GC invocations=23 (full 0):
 garbage-first heap   total reserved 4034560K, committed 133120K, used 113929K [0x0000000709c00000, 0x0000000800000000)
  region size 2048K, 37 young (75776K), 4 survivors (8192K)
 Metaspace       used 77399K, committed 78208K, reserved 1179648K
  class space    used 11422K, committed 11776K, reserved 1048576K
}
Event: 6.339 GC heap after
{Heap after GC invocations=24 (full 0):
 garbage-first heap   total reserved 4034560K, committed 133120K, used 47814K [0x0000000709c00000, 0x0000000800000000)
  region size 2048K, 4 young (8192K), 4 survivors (8192K)
 Metaspace       used 77399K, committed 78208K, reserved 1179648K
  class space    used 11422K, committed 11776K, reserved 1048576K
}
Event: 6.477 GC heap before
{Heap before GC invocations=24 (full 0):
 garbage-first heap   total reserved 4034560K, committed 133120K, used 115398K [0x0000000709c00000, 0x0000000800000000)
  region size 2048K, 37 young (75776K), 4 survivors (8192K)
 Metaspace       used 77498K, committed 78272K, reserved 1179648K
  class space    used 11430K, committed 11776K, reserved 1048576K
}
Event: 6.480 GC heap after
{Heap after GC invocations=25 (full 0):
 garbage-first heap   total reserved 4034560K, committed 133120K, used 48960K [0x0000000709c00000, 0x0000000800000000)
  region size 2048K, 3 young (6144K), 3 survivors (6144K)
 Metaspace       used 77498K, committed 78272K, reserved 1179648K
  class space    used 11430K, committed 11776K, reserved 1048576K
}
Event: 6.663 GC heap before
{Heap before GC invocations=25 (full 0):
 garbage-first heap   total reserved 4034560K, committed 133120K, used 118592K [0x0000000709c00000, 0x0000000800000000)
  region size 2048K, 37 young (75776K), 3 survivors (6144K)
 Metaspace       used 78130K, committed 78912K, reserved 1179648K
  class space    used 11499K, committed 11840K, reserved 1048576K
}
Event: 6.665 GC heap after
{Heap after GC invocations=26 (full 0):
 garbage-first heap   total reserved 4034560K, committed 133120K, used 49814K [0x0000000709c00000, 0x0000000800000000)
  region size 2048K, 2 young (4096K), 2 survivors (4096K)
 Metaspace       used 78130K, committed 78912K, reserved 1179648K
  class space    used 11499K, committed 11840K, reserved 1048576K
}
Event: 7.012 GC heap before
{Heap before GC invocations=27 (full 0):
 garbage-first heap   total reserved 4034560K, committed 133120K, used 119446K [0x0000000709c00000, 0x0000000800000000)
  region size 2048K, 36 young (73728K), 2 survivors (4096K)
 Metaspace       used 79980K, committed 80768K, reserved 1179648K
  class space    used 11772K, committed 12096K, reserved 1048576K
}
Event: 7.015 GC heap after
{Heap after GC invocations=28 (full 0):
 garbage-first heap   total reserved 4034560K, committed 133120K, used 52347K [0x0000000709c00000, 0x0000000800000000)
  region size 2048K, 4 young (8192K), 4 survivors (8192K)
 Metaspace       used 79980K, committed 80768K, reserved 1179648K
  class space    used 11772K, committed 12096K, reserved 1048576K
}
Event: 7.259 GC heap before
{Heap before GC invocations=28 (full 0):
 garbage-first heap   total reserved 4034560K, committed 133120K, used 113787K [0x0000000709c00000, 0x0000000800000000)
  region size 2048K, 34 young (69632K), 4 survivors (8192K)
 Metaspace       used 81160K, committed 82048K, reserved 1179648K
  class space    used 11963K, committed 12352K, reserved 1048576K
}
Event: 7.264 GC heap after
{Heap after GC invocations=29 (full 0):
 garbage-first heap   total reserved 4034560K, committed 133120K, used 53702K [0x0000000709c00000, 0x0000000800000000)
  region size 2048K, 4 young (8192K), 4 survivors (8192K)
 Metaspace       used 81160K, committed 82048K, reserved 1179648K
  class space    used 11963K, committed 12352K, reserved 1048576K
}
Event: 7.568 GC heap before
{Heap before GC invocations=29 (full 0):
 garbage-first heap   total reserved 4034560K, committed 133120K, used 115142K [0x0000000709c00000, 0x0000000800000000)
  region size 2048K, 34 young (69632K), 4 survivors (8192K)
 Metaspace       used 83923K, committed 84800K, reserved 1179648K
  class space    used 12372K, committed 12736K, reserved 1048576K
}
Event: 7.571 GC heap after
{Heap after GC invocations=30 (full 0):
 garbage-first heap   total reserved 4034560K, committed 133120K, used 55796K [0x0000000709c00000, 0x0000000800000000)
  region size 2048K, 4 young (8192K), 4 survivors (8192K)
 Metaspace       used 83923K, committed 84800K, reserved 1179648K
  class space    used 12372K, committed 12736K, reserved 1048576K
}
Event: 7.826 GC heap before
{Heap before GC invocations=31 (full 0):
 garbage-first heap   total reserved 4034560K, committed 133120K, used 113140K [0x0000000709c00000, 0x0000000800000000)
  region size 2048K, 32 young (65536K), 4 survivors (8192K)
 Metaspace       used 86446K, committed 87296K, reserved 1179648K
  class space    used 12677K, committed 13056K, reserved 1048576K
}
Event: 7.830 GC heap after
{Heap after GC invocations=32 (full 0):
 garbage-first heap   total reserved 4034560K, committed 133120K, used 57643K [0x0000000709c00000, 0x0000000800000000)
  region size 2048K, 3 young (6144K), 3 survivors (6144K)
 Metaspace       used 86446K, committed 87296K, reserved 1179648K
  class space    used 12677K, committed 13056K, reserved 1048576K
}
Event: 8.064 GC heap before
{Heap before GC invocations=32 (full 0):
 garbage-first heap   total reserved 4034560K, committed 133120K, used 117035K [0x0000000709c00000, 0x0000000800000000)
  region size 2048K, 32 young (65536K), 3 survivors (6144K)
 Metaspace       used 86990K, committed 87872K, reserved 1179648K
  class space    used 12773K, committed 13184K, reserved 1048576K
}
Event: 8.068 GC heap after
{Heap after GC invocations=33 (full 0):
 garbage-first heap   total reserved 4034560K, committed 159744K, used 60601K [0x0000000709c00000, 0x0000000800000000)
  region size 2048K, 3 young (6144K), 3 survivors (6144K)
 Metaspace       used 86990K, committed 87872K, reserved 1179648K
  class space    used 12773K, committed 13184K, reserved 1048576K
}

